<?xml version="1.0" encoding="UTF-8"?>
<beans xmlns="http://www.springframework.org/schema/beans"
       xmlns:xsi="http://www.w3.org/2001/XMLSchema-instance"
       xmlns:mvc="http://www.springframework.org/schema/mvc"
       xsi:schemaLocation="http://www.springframework.org/schema/beans
                        http://www.springframework.org/schema/beans/spring-beans.xsd
        			    http://www.springframework.org/schema/mvc
			            http://www.springframework.org/schema/mvc/spring-mvc.xsd">

    <mvc:annotation-driven/>

    <bean id="mongo" class="com.mongodb.MongoClient">
        <constructor-arg type="java.lang.String" value="localhost"/>
        <constructor-arg type="int" value="12345"/>
    </bean>

    <bean id="morphia" class="com.google.code.morphia.Morphia"/>

    <bean id="userDAO" class ="com.chat.dao.impl.UserDAO">
        <constructor-arg index="0" ref="mongo"/>
        <constructor-arg index="1" ref="morphia"/>
        <constructor-arg index="2" value="chatDB-test"/>
    </bean>

    <bean id="messageDAO" class="com.chat.dao.impl.MessageDAO">
        <constructor-arg index="0" ref="mongo"/>
        <constructor-arg index="1" ref="morphia"/>
        <constructor-arg index="2" value="chatDB-test"/>
    </bean>




</beans>