<?xml version="1.0" encoding="UTF-8"?>
<beans xmlns="http://www.springframework.org/schema/beans"
       xmlns:xsi="http://www.w3.org/2001/XMLSchema-instance"
       xmlns:mvc="http://www.springframework.org/schema/mvc"
       xsi:schemaLocation="http://www.springframework.org/schema/beans
                        http://www.springframework.org/schema/beans/spring-beans.xsd
        			    http://www.springframework.org/schema/mvc
			            http://www.springframework.org/schema/mvc/spring-mvc.xsd">

    <mvc:annotation-driven/>

    <bean id="userService" class="com.chat.services.impl.UserService"/>

    <bean id="messageService" class="com.chat.services.impl.MessageService"/>

    <bean id="registrationService" class="com.chat.services.impl.RegistrationService"/>

    <bean id="userValidator" class="com.chat.services.validator.impl.UserValidator"/>

    <bean id="passwordEncoder" class="org.springframework.security.authentication.encoding.Md5PasswordEncoder"/>

</beans>